{"total": {"lines":{"total":74,"covered":11,"skipped":0,"pct":14.86},"statements":{"total":75,"covered":12,"skipped":0,"pct":16},"functions":{"total":12,"covered":2,"skipped":0,"pct":16.66},"branches":{"total":18,"covered":3,"skipped":0,"pct":16.66},"branchesTrue":{"total":0,"covered":0,"skipped":0,"pct":"Unknown"}}
,"D:\\DEVOPS\\daily-dose-project-Gabriel\\public\\js\\addNotes.js": {"lines":{"total":26,"covered":0,"skipped":0,"pct":0},"functions":{"total":2,"covered":0,"skipped":0,"pct":0},"statements":{"total":26,"covered":0,"skipped":0,"pct":0},"branches":{"total":7,"covered":0,"skipped":0,"pct":0}}
,"D:\\DEVOPS\\daily-dose-project-Gabriel\\public\\js\\deleteNotes.js": {"lines":{"total":11,"covered":0,"skipped":0,"pct":0},"functions":{"total":2,"covered":0,"skipped":0,"pct":0},"statements":{"total":11,"covered":0,"skipped":0,"pct":0},"branches":{"total":2,"covered":0,"skipped":0,"pct":0}}
,"D:\\DEVOPS\\daily-dose-project-Gabriel\\public\\js\\editNotes.js": {"lines":{"total":24,"covered":0,"skipped":0,"pct":0},"functions":{"total":5,"covered":0,"skipped":0,"pct":0},"statements":{"total":24,"covered":0,"skipped":0,"pct":0},"branches":{"total":4,"covered":0,"skipped":0,"pct":0}}
,"D:\\DEVOPS\\daily-dose-project-Gabriel\\public\\js\\viewNotes.js": {"lines":{"total":13,"covered":11,"skipped":0,"pct":84.61},"functions":{"total":3,"covered":2,"skipped":0,"pct":66.66},"statements":{"total":14,"covered":12,"skipped":0,"pct":85.71},"branches":{"total":5,"covered":3,"skipped":0,"pct":60}}
}
