TN:
SF:public\js\addNotes.js
FN:1,addNotes
FN:15,(anonymous_1)
FNF:2
FNH:0
FNDA:0,addNotes
FNDA:0,(anonymous_1)
DA:2,0
DA:3,0
DA:4,0
DA:5,0
DA:6,0
DA:7,0
DA:8,0
DA:9,0
DA:10,0
DA:12,0
DA:13,0
DA:14,0
DA:15,0
DA:16,0
DA:17,0
DA:18,0
DA:19,0
DA:20,0
DA:21,0
DA:22,0
DA:23,0
DA:24,0
DA:27,0
DA:28,0
DA:29,0
DA:32,0
LF:26
LH:0
BRDA:7,0,0,0
BRDA:7,0,1,0
BRDA:7,1,0,0
BRDA:7,1,1,0
BRDA:7,1,2,0
BRDA:18,2,0,0
BRDA:18,2,1,0
BRF:7
BRH:0
end_of_record
TN:
SF:public\js\deleteNotes.js
FN:1,deleteNotes
FN:9,(anonymous_1)
FNF:2
FNH:0
FNDA:0,deleteNotes
FNDA:0,(anonymous_1)
DA:2,0
DA:4,0
DA:6,0
DA:7,0
DA:9,0
DA:10,0
DA:12,0
DA:13,0
DA:14,0
DA:17,0
DA:21,0
LF:11
LH:0
BRDA:12,0,0,0
BRDA:12,0,1,0
BRF:2
BRH:0
end_of_record
TN:
SF:public\js\editNotes.js
FN:4,editNote
FN:14,(anonymous_1)
FN:25,updateNote
FN:42,(anonymous_3)
FN:57,(anonymous_4)
FNF:5
FNH:0
FNDA:0,editNote
FNDA:0,(anonymous_1)
FNDA:0,updateNote
FNDA:0,(anonymous_3)
FNDA:0,(anonymous_4)
DA:6,0
DA:9,0
DA:10,0
DA:11,0
DA:14,0
DA:15,0
DA:19,0
DA:27,0
DA:28,0
DA:29,0
DA:31,0
DA:38,0
DA:39,0
DA:40,0
DA:42,0
DA:44,0
DA:46,0
DA:47,0
DA:48,0
DA:49,0
DA:52,0
DA:57,0
DA:58,0
DA:62,0
LF:24
LH:0
BRDA:44,0,0,0
BRDA:44,0,1,0
BRDA:44,1,0,0
BRDA:44,1,1,0
BRF:4
BRH:0
end_of_record
TN:
SF:public\js\viewNotes.js
FN:1,viewNotes
FN:5,(anonymous_1)
FN:34,filterNotes
FNF:3
FNH:2
FNDA:1,viewNotes
FNDA:1,(anonymous_1)
FNDA:0,filterNotes
DA:2,1
DA:3,1
DA:4,1
DA:5,1
DA:6,1
DA:7,1
DA:9,1
DA:10,7
DA:11,7
DA:28,1
DA:30,1
DA:35,0
DA:36,0
LF:13
LH:11
BRDA:1,0,0,1
BRDA:10,1,0,7
BRDA:10,1,1,0
BRDA:10,2,0,7
BRDA:10,2,1,0
BRF:5
BRH:3
end_of_record
